Resolving dependencies...
Downloading packages...
  camera_android_camerax 0.6.30 (0.7.0+1 available)
  camera_avfoundation 0.9.23+2 (0.10.0+2 available)
  characters 1.4.0 (1.4.1 available)
  matcher 0.12.17 (0.12.18 available)
  material_color_utilities 0.11.1 (0.13.0 available)
  meta 1.17.0 (1.18.1 available)
  test_api 0.7.7 (0.7.9 available)
Got dependencies!
7 packages have newer versions incompatible with dependency constraints.
Try `flutter pub outdated` for more information.
Running Gradle task 'assembleDebug'...                          
lib/services/ble_service.dart:57:27: Error: Required named parameter 'license' must be provided.
      await device.connect();
                          ^
Target kernel_snapshot_program failed: Exception


FAILURE: Build failed with an exception.

* What went wrong:
Execution failed for task ':app:compileFlutterBuildDebug'.
> Process 'command 'C:\flutter\bin\flutter.bat'' finished with non-zero exit value 1

* Try:
> Run with --stacktrace option to get the stack trace.
> Run with --info or --debug option to get more log output.
> Run with --scan to get full insights.
> Get more help at https://help.gradle.org.

BUILD FAILED in 56s
Running Gradle task 'assembleDebug'...                             58.0s
Gradle task assembleDebug failed with exit code 1
